<?xml version="1.0" encoding="UTF-8"?>
<coverage generated="1669647731389" clover="3.2.0">
  <project timestamp="1669647731389" name="All files">
    <metrics statements="11" coveredstatements="11" conditionals="12" coveredconditionals="12" methods="1" coveredmethods="1" elements="24" coveredelements="24" complexity="0" loc="11" ncloc="11" packages="1" files="1" classes="1"/>
    <file name="searchEmployee.js" path="/home/rapha/Documentos/trybe/fundamentos/trybe-exercicios/fundamentos/secao-07-es6-testes-unitarios/dia-03-macthers/searchEmployee.js">
      <metrics statements="11" coveredstatements="11" conditionals="12" coveredconditionals="12" methods="1" coveredmethods="1"/>
      <line num="2" count="1" type="stmt"/>
      <line num="42" count="1" type="stmt"/>
      <line num="43" count="6" type="cond" truecount="4" falsecount="0"/>
      <line num="44" count="5" type="cond" truecount="2" falsecount="0"/>
      <line num="45" count="4" type="cond" truecount="2" falsecount="0"/>
      <line num="46" count="3" type="cond" truecount="2" falsecount="0"/>
      <line num="48" count="2" type="stmt"/>
      <line num="49" count="7" type="cond" truecount="2" falsecount="0"/>
      <line num="50" count="1" type="stmt"/>
      <line num="53" count="1" type="stmt"/>
      <line num="58" count="1" type="stmt"/>
    </file>
  </project>
</coverage>
