{"/home/rapha/Documentos/trybe/fundamentos/trybe-exercicios/fundamentos/secao-07-es6-testes-unitarios/dia-03-macthers/searchEmployee.js": {"path":"/home/rapha/Documentos/trybe/fundamentos/trybe-exercicios/fundamentos/secao-07-es6-testes-unitarios/dia-03-macthers/searchEmployee.js","statementMap":{"0":{"start":{"line":2,"column":26},"end":{"line":39,"column":1}},"1":{"start":{"line":42,"column":23},"end":{"line":54,"column":1}},"2":{"start":{"line":43,"column":4},"end":{"line":43,"column":85}},"3":{"start":{"line":43,"column":24},"end":{"line":43,"column":85}},"4":{"start":{"line":44,"column":4},"end":{"line":44,"column":68}},"5":{"start":{"line":44,"column":32},"end":{"line":44,"column":68}},"6":{"start":{"line":45,"column":4},"end":{"line":45,"column":76}},"7":{"start":{"line":45,"column":36},"end":{"line":45,"column":76}},"8":{"start":{"line":46,"column":4},"end":{"line":46,"column":92}},"9":{"start":{"line":46,"column":52},"end":{"line":46,"column":92}},"10":{"start":{"line":48,"column":4},"end":{"line":52,"column":5}},"11":{"start":{"line":49,"column":6},"end":{"line":51,"column":7}},"12":{"start":{"line":50,"column":8},"end":{"line":50,"column":30}},"13":{"start":{"line":53,"column":4},"end":{"line":53,"column":44}},"14":{"start":{"line":58,"column":0},"end":{"line":58,"column":53}}},"fnMap":{"0":{"name":"(anonymous_0)","decl":{"start":{"line":42,"column":23},"end":{"line":42,"column":24}},"loc":{"start":{"line":42,"column":39},"end":{"line":54,"column":1}},"line":42}},"branchMap":{"0":{"loc":{"start":{"line":43,"column":4},"end":{"line":43,"column":85}},"type":"if","locations":[{"start":{"line":43,"column":4},"end":{"line":43,"column":85}},{"start":{},"end":{}}],"line":43},"1":{"loc":{"start":{"line":43,"column":8},"end":{"line":43,"column":22}},"type":"binary-expr","locations":[{"start":{"line":43,"column":8},"end":{"line":43,"column":11}},{"start":{"line":43,"column":15},"end":{"line":43,"column":22}}],"line":43},"2":{"loc":{"start":{"line":44,"column":4},"end":{"line":44,"column":68}},"type":"if","locations":[{"start":{"line":44,"column":4},"end":{"line":44,"column":68}},{"start":{},"end":{}}],"line":44},"3":{"loc":{"start":{"line":45,"column":4},"end":{"line":45,"column":76}},"type":"if","locations":[{"start":{"line":45,"column":4},"end":{"line":45,"column":76}},{"start":{},"end":{}}],"line":45},"4":{"loc":{"start":{"line":46,"column":4},"end":{"line":46,"column":92}},"type":"if","locations":[{"start":{"line":46,"column":4},"end":{"line":46,"column":92}},{"start":{},"end":{}}],"line":46},"5":{"loc":{"start":{"line":49,"column":6},"end":{"line":51,"column":7}},"type":"if","locations":[{"start":{"line":49,"column":6},"end":{"line":51,"column":7}},{"start":{},"end":{}}],"line":49}},"s":{"0":1,"1":1,"2":6,"3":1,"4":5,"5":1,"6":4,"7":1,"8":3,"9":1,"10":2,"11":7,"12":1,"13":1,"14":1},"f":{"0":6},"b":{"0":[1,5],"1":[6,5],"2":[1,4],"3":[1,3],"4":[1,2],"5":[1,6]},"_coverageSchema":"1a1c01bbd47fc00a2c39e90264f33305004495a9","hash":"60d2913b6bda6b5aa9bfce7ea7d701b5210f3e29"}
}
